 INFO: http server starting:8080:31053
 INFO: request:GET / HTTP/1.1**Host: localhost:8080**User-Agent: Mozilla/5.0 (X11; Ubuntu; Linux x86_64; rv:54.0) Gecko/20100101 Firefox/54.0**Accept: text/html,application/xhtml+xml,application/xml;q=0.9,*/*;q=0.8**Accept-Language: en-US,en;q=0.5**Accept-Encoding: gzip, deflate**Connection: keep-alive**Upgrade-Insecure-Requests: 1****:1
 INFO: SEND:index.html:1
 INFO: request:GET /marx.jpg HTTP/1.1**Host: localhost:8080**User-Agent: Mozilla/5.0 (X11; Ubuntu; Linux x86_64; rv:54.0) Gecko/20100101 Firefox/54.0**Accept: */***Accept-Language: en-US,en;q=0.5**Accept-Encoding: gzip, deflate**Referer: http://localhost:8080/**Connection: keep-alive****:2
 INFO: SEND:marx.jpg:2
 INFO: request:GET /favicon.ico HTTP/1.1**Host: localhost:8080**User-Agent: Mozilla/5.0 (X11; Ubuntu; Linux x86_64; rv:54.0) Gecko/20100101 Firefox/54.0**Accept: text/html,application/xhtml+xml,application/xml;q=0.9,*/*;q=0.8**Accept-Language: en-US,en;q=0.5**Accept-Encoding: gzip, deflate**Connection: keep-alive****:3
SORRY: file extension type not supported:GET /favicon.ico
 INFO: request:GET /favicon.ico HTTP/1.1**Host: localhost:8080**User-Agent: Mozilla/5.0 (X11; Ubuntu; Linux x86_64; rv:54.0) Gecko/20100101 Firefox/54.0**Accept: */***Accept-Language: en-US,en;q=0.5**Accept-Encoding: gzip, deflate**Connection: keep-alive****:4
SORRY: file extension type not supported:GET /favicon.ico
 INFO: request:GET /page2.html HTTP/1.1**Host: localhost:8080**User-Agent: Mozilla/5.0 (X11; Ubuntu; Linux x86_64; rv:54.0) Gecko/20100101 Firefox/54.0**Accept: text/html,application/xhtml+xml,application/xml;q=0.9,*/*;q=0.8**Accept-Language: en-US,en;q=0.5**Accept-Encoding: gzip, deflate**Referer: http://localhost:8080/**Connection: keep-alive**Upgrade-Insecure-Requests: 1****:5
 INFO: SEND:page2.html:5
 INFO: http server starting:8080:31192
 INFO: request:GET / HTTP/1.1**Host: localhost:8080**User-Agent: Mozilla/5.0 (X11; Ubuntu; Linux x86_64; rv:54.0) Gecko/20100101 Firefox/54.0**Accept: text/html,application/xhtml+xml,application/xml;q=0.9,*/*;q=0.8**Accept-Language: en-US,en;q=0.5**Accept-Encoding: gzip, deflate**Connection: keep-alive**Upgrade-Insecure-Requests: 1****:1
 INFO: SEND:index.html:1
 INFO: request:GET /marx.jpg HTTP/1.1**Host: localhost:8080**User-Agent: Mozilla/5.0 (X11; Ubuntu; Linux x86_64; rv:54.0) Gecko/20100101 Firefox/54.0**Accept: */***Accept-Language: en-US,en;q=0.5**Accept-Encoding: gzip, deflate**Referer: http://localhost:8080/**Connection: keep-alive****:2
 INFO: SEND:marx.jpg:2
 INFO: request:GET /page2.html HTTP/1.1**Host: localhost:8080**User-Agent: Mozilla/5.0 (X11; Ubuntu; Linux x86_64; rv:54.0) Gecko/20100101 Firefox/54.0**Accept: text/html,application/xhtml+xml,application/xml;q=0.9,*/*;q=0.8**Accept-Language: en-US,en;q=0.5**Accept-Encoding: gzip, deflate**Referer: http://localhost:8080/**Connection: keep-alive**Upgrade-Insecure-Requests: 1****:3
 INFO: SEND:page2.html:3
 INFO: request:GET / HTTP/1.1**Host: localhost:8080**User-Agent: Mozilla/5.0 (X11; Ubuntu; Linux x86_64; rv:54.0) Gecko/20100101 Firefox/54.0**Accept: text/html,application/xhtml+xml,application/xml;q=0.9,*/*;q=0.8**Accept-Language: en-US,en;q=0.5**Accept-Encoding: gzip, deflate**Connection: keep-alive**Upgrade-Insecure-Requests: 1**Cache-Control: max-age=0****:4
 INFO: SEND:index.html:4
 INFO: request:GET /marx.jpg HTTP/1.1**Host: localhost:8080**User-Agent: Mozilla/5.0 (X11; Ubuntu; Linux x86_64; rv:54.0) Gecko/20100101 Firefox/54.0**Accept: */***Accept-Language: en-US,en;q=0.5**Accept-Encoding: gzip, deflate**Referer: http://localhost:8080/**Connection: keep-alive**Cache-Control: max-age=0****:5
 INFO: SEND:marx.jpg:5
 INFO: request:GET / HTTP/1.1**Host: localhost:8080**User-Agent: Mozilla/5.0 (X11; Ubuntu; Linux x86_64; rv:54.0) Gecko/20100101 Firefox/54.0**Accept: text/html,application/xhtml+xml,application/xml;q=0.9,*/*;q=0.8**Accept-Language: en-US,en;q=0.5**Accept-Encoding: gzip, deflate**Connection: keep-alive**Upgrade-Insecure-Requests: 1**Cache-Control: max-age=0****:6
 INFO: SEND:index.html:6
 INFO: request:GET /marx.jpg HTTP/1.1**Host: localhost:8080**User-Agent: Mozilla/5.0 (X11; Ubuntu; Linux x86_64; rv:54.0) Gecko/20100101 Firefox/54.0**Accept: */***Accept-Language: en-US,en;q=0.5**Accept-Encoding: gzip, deflate**Referer: http://localhost:8080/**Connection: keep-alive**Cache-Control: max-age=0****:7
 INFO: SEND:marx.jpg:7
 INFO: request:GET / HTTP/1.1**Host: localhost:8080**User-Agent: Mozilla/5.0 (X11; Ubuntu; Linux x86_64; rv:54.0) Gecko/20100101 Firefox/54.0**Accept: text/html,application/xhtml+xml,application/xml;q=0.9,*/*;q=0.8**Accept-Language: en-US,en;q=0.5**Accept-Encoding: gzip, deflate**Connection: keep-alive**Upgrade-Insecure-Requests: 1**Cache-Control: max-age=0****:8
 INFO: SEND:index.html:8
 INFO: request:GET /marx.jpg HTTP/1.1**Host: localhost:8080**User-Agent: Mozilla/5.0 (X11; Ubuntu; Linux x86_64; rv:54.0) Gecko/20100101 Firefox/54.0**Accept: */***Accept-Language: en-US,en;q=0.5**Accept-Encoding: gzip, deflate**Referer: http://localhost:8080/**Connection: keep-alive**Cache-Control: max-age=0****:9
 INFO: SEND:marx.jpg:9
 INFO: request:GET /page2.html HTTP/1.1**Host: localhost:8080**User-Agent: Mozilla/5.0 (X11; Ubuntu; Linux x86_64; rv:54.0) Gecko/20100101 Firefox/54.0**Accept: text/html,application/xhtml+xml,application/xml;q=0.9,*/*;q=0.8**Accept-Language: en-US,en;q=0.5**Accept-Encoding: gzip, deflate**Referer: http://localhost:8080/**Connection: keep-alive**Upgrade-Insecure-Requests: 1****:10
 INFO: SEND:page2.html:10
 INFO: http server starting:8080:31302
 INFO: request:GET / HTTP/1.1**Host: localhost:8080**User-Agent: Mozilla/5.0 (X11; Ubuntu; Linux x86_64; rv:54.0) Gecko/20100101 Firefox/54.0**Accept: text/html,application/xhtml+xml,application/xml;q=0.9,*/*;q=0.8**Accept-Language: en-US,en;q=0.5**Accept-Encoding: gzip, deflate**Connection: keep-alive**Upgrade-Insecure-Requests: 1**Cache-Control: max-age=0****:1
 INFO: SEND:index.html:1
 INFO: request:GET /marx.jpg HTTP/1.1**Host: localhost:8080**User-Agent: Mozilla/5.0 (X11; Ubuntu; Linux x86_64; rv:54.0) Gecko/20100101 Firefox/54.0**Accept: */***Accept-Language: en-US,en;q=0.5**Accept-Encoding: gzip, deflate**Referer: http://localhost:8080/**Connection: keep-alive**Cache-Control: max-age=0****:2
 INFO: SEND:marx.jpg:2
 INFO: request:GET /page2.html HTTP/1.1**Host: localhost:8080**User-Agent: Mozilla/5.0 (X11; Ubuntu; Linux x86_64; rv:54.0) Gecko/20100101 Firefox/54.0**Accept: text/html,application/xhtml+xml,application/xml;q=0.9,*/*;q=0.8**Accept-Language: en-US,en;q=0.5**Accept-Encoding: gzip, deflate**Referer: http://localhost:8080/**Connection: keep-alive**Upgrade-Insecure-Requests: 1****:3
 INFO: SEND:page2.html:3
 INFO: request:GET / HTTP/1.1**Host: localhost:8080**User-Agent: Mozilla/5.0 (X11; Ubuntu; Linux x86_64; rv:54.0) Gecko/20100101 Firefox/54.0**Accept: text/html,application/xhtml+xml,application/xml;q=0.9,*/*;q=0.8**Accept-Language: en-US,en;q=0.5**Accept-Encoding: gzip, deflate**Connection: keep-alive**Upgrade-Insecure-Requests: 1**Cache-Control: max-age=0****:5
 INFO: SEND:index.html:5
 INFO: request:GET /marx.jpg HTTP/1.1**Host: localhost:8080**User-Agent: Mozilla/5.0 (X11; Ubuntu; Linux x86_64; rv:54.0) Gecko/20100101 Firefox/54.0**Accept: */***Accept-Language: en-US,en;q=0.5**Accept-Encoding: gzip, deflate**Referer: http://localhost:8080/**Connection: keep-alive**Cache-Control: max-age=0****:6
 INFO: SEND:marx.jpg:6
 INFO: http server starting:8080:31382
 INFO: request:GET / HTTP/1.1**User-Agent: Wget/1.17.1 (linux-gnu)**Accept: */***Accept-Encoding: identity**Host: localhost:8080**Connection: Keep-Alive****:1
 INFO: SEND:index.html:1
 INFO: request:GET /marx.jpg HTTP/1.1**User-Agent: Wget/1.17.1 (linux-gnu)**Accept: */***Accept-Encoding: identity**Host: localhost:8080**Connection: Keep-Alive****:2
 INFO: SEND:marx.jpg:2
 INFO: request:GET /index.html HTTP/1.1**User-Agent: Wget/1.17.1 (linux-gnu)**Accept: */***Accept-Encoding: identity**Host: localhost:8080**Connection: Keep-Alive****:3
 INFO: SEND:index.html:3
